slurmd[biomedia07]: task/cgroup: plugin not compiled with hwloc support, skipping affinity.

                            < M A T L A B (R) >
                  Copyright 1984-2014 The MathWorks, Inc.
                    R2014a (8.3.0.532) 64-bit (glnxa64)
                             February 11, 2014

    ----------------------------------------------------
	Your MATLAB license will expire in 13 days.
	Please contact your system administrator or
	MathWorks to renew this license.
    ----------------------------------------------------
 
To get started, type one of these: helpwin, helpdesk, or demo.
For product information, visit www.mathworks.com.
 
Resampling ... done.
Reading target image ... done
Reading source image ... done
Warning: 10.008 percentile collapses in target, skipping
Warning: 20.006 percentile collapses in target, skipping
time lm extraction: 0.980455 sec
Estimated pose values (mean): 10.017 -0.060
Estimated pose values (cov): 118.326 10.791
Reading target ... /vol/biomedic/users/oo2113/str_hier_forest_mri/mritestingdata/landmarks/14FA02548_ed0_3D.vtk
Reading source ... /vol/biomedic/users/oo2113/str_hier_forest_mri/mritestingdata/pems_mriSecond_hier_exp_onlyClas/14FA02548_ed0_3D_lm.vtk
Error for landmark 1 = 3.53553
Error for landmark 2 = 6.73146
Error for landmark 3 = 2.79508
Error for landmark 4 = 8.5
Error for landmark 5 = 6.61919
Error for landmark 6 = 8.31419
RMS = 6.08258 mm
standard deviation is 2.19196 mm
Writing Results: /vol/biomedic/users/oo2113/str_hier_forest_mri/mritestingdata/results/distances_mriSecond_hier_exp_onlyClas.txt
