slurmd[biomedia08]: task/cgroup: plugin not compiled with hwloc support, skipping affinity.

                            < M A T L A B (R) >
                  Copyright 1984-2014 The MathWorks, Inc.
                    R2014a (8.3.0.532) 64-bit (glnxa64)
                             February 11, 2014

    ----------------------------------------------------
	Your MATLAB license will expire in 13 days.
	Please contact your system administrator or
	MathWorks to renew this license.
    ----------------------------------------------------
 
To get started, type one of these: helpwin, helpdesk, or demo.
For product information, visit www.mathworks.com.
 
Resampling ... done.
Reading target image ... done
Reading source image ... done
Warning: 10.008 percentile collapses in target, skipping
Warning: 20.006 percentile collapses in target, skipping
time lm extraction: 0.627435 sec
Estimated pose values (mean): 41.554 -2.480
Estimated pose values (cov): 33.947 7.336
Reading target ... /vol/biomedic/users/oo2113/str_hier_forest_mri/mritestingdata/landmarks/14DS02319_ed0_3D.vtk
Reading source ... /vol/biomedic/users/oo2113/str_hier_forest_mri/mritestingdata/pems_mriSecond_hier_exp_onlyClas/14DS02319_ed0_3D_lm.vtk
Error for landmark 1 = 31.5377
Error for landmark 2 = 60.9103
Error for landmark 3 = 15.3887
Error for landmark 4 = 18.9159
Error for landmark 5 = 11.1804
Error for landmark 6 = 34.9722
RMS = 28.8175 mm
standard deviation is 16.6567 mm
Writing Results: /vol/biomedic/users/oo2113/str_hier_forest_mri/mritestingdata/results/distances_mriSecond_hier_exp_onlyClas.txt
