slurmd[biomedia02]: task/cgroup: plugin not compiled with hwloc support, skipping affinity.

                            < M A T L A B (R) >
                  Copyright 1984-2014 The MathWorks, Inc.
                    R2014a (8.3.0.532) 64-bit (glnxa64)
                             February 11, 2014

    ----------------------------------------------------
	Your MATLAB license will expire in 13 days.
	Please contact your system administrator or
	MathWorks to renew this license.
    ----------------------------------------------------
 
To get started, type one of these: helpwin, helpdesk, or demo.
For product information, visit www.mathworks.com.
 
Resampling ... done.
Reading target image ... done
Reading source image ... done
Warning: 10.008 percentile collapses in target, skipping
Warning: 20.006 percentile collapses in target, skipping
time lm extraction: 0.545009 sec
Estimated pose values (mean): 6.641 0.443
Estimated pose values (cov): 120.849 10.083
Reading target ... /vol/biomedic/users/oo2113/str_hier_forest_mri/mritestingdata/landmarks/14GM01931_ed0_3D.vtk
Reading source ... /vol/biomedic/users/oo2113/str_hier_forest_mri/mritestingdata/pems_mriSecond_hier_X/14GM01931_ed0_3D_lm.vtk
Error for landmark 1 = 2.35849
Error for landmark 2 = 15.3379
Error for landmark 3 = 13.4768
Error for landmark 4 = 11.1803
Error for landmark 5 = 7.55808
Error for landmark 6 = 6.87381
RMS = 9.46424 mm
standard deviation is 4.36617 mm
Writing Results: /vol/biomedic/users/oo2113/str_hier_forest_mri/mritestingdata/results/distances_mriSecond_hier_X.txt
