slurmd[biomedia01]: task/cgroup: plugin not compiled with hwloc support, skipping affinity.

                            < M A T L A B (R) >
                  Copyright 1984-2014 The MathWorks, Inc.
                    R2014a (8.3.0.532) 64-bit (glnxa64)
                             February 11, 2014

    ----------------------------------------------------
	Your MATLAB license will expire in 13 days.
	Please contact your system administrator or
	MathWorks to renew this license.
    ----------------------------------------------------
 
To get started, type one of these: helpwin, helpdesk, or demo.
For product information, visit www.mathworks.com.
 
Resampling ... done.
Reading target image ... done
Reading source image ... done
Warning: 10.008 percentile collapses in target, skipping
Warning: 20.006 percentile collapses in target, skipping
time lm extraction: 0.385628 sec
Estimated pose values (mean): 10.253 1.108
Estimated pose values (cov): 118.756 10.966
Reading target ... /vol/biomedic/users/oo2113/str_hier_forest_mri/mritestingdata/landmarks/14EH01503_ed0_3D.vtk
Reading source ... /vol/biomedic/users/oo2113/str_hier_forest_mri/mritestingdata/pems_mriSecond_hier_X/14EH01503_ed0_3D_lm.vtk
Error for landmark 1 = 1.76777
Error for landmark 2 = 20.4466
Error for landmark 3 = 10.7529
Error for landmark 4 = 12.3111
Error for landmark 5 = 7.55808
Error for landmark 6 = 5.62354
RMS = 9.74332 mm
standard deviation is 5.88118 mm
Writing Results: /vol/biomedic/users/oo2113/str_hier_forest_mri/mritestingdata/results/distances_mriSecond_hier_X.txt
