slurmd[biomedia01]: task/cgroup: plugin not compiled with hwloc support, skipping affinity.

                            < M A T L A B (R) >
                  Copyright 1984-2014 The MathWorks, Inc.
                    R2014a (8.3.0.532) 64-bit (glnxa64)
                             February 11, 2014

    ----------------------------------------------------
	Your MATLAB license will expire in 13 days.
	Please contact your system administrator or
	MathWorks to renew this license.
    ----------------------------------------------------
Encountered unexpected end-of-file (line 0) while loading toolbox cache.
Error occurred loading: /homes/oo2113/.matlab/R2014a/toolbox_cache-8.3.0-3736027944-glnxa64.xml
Cache file ignored.
 
To get started, type one of these: helpwin, helpdesk, or demo.
For product information, visit www.mathworks.com.
 
Resampling ... done.
Reading target image ... done
Reading source image ... done
Warning: 10.008 percentile collapses in target, skipping
Warning: 20.006 percentile collapses in target, skipping
time lm extraction: 0.519519 sec
Estimated pose values (mean): 26.438 -0.708
Estimated pose values (cov): 83.198 9.047
Reading target ... /vol/biomedic/users/oo2113/str_hier_forest_mri/mritestingdata/landmarks/14DP01411_ed0_3D.vtk
Reading source ... /vol/biomedic/users/oo2113/str_hier_forest_mri/mritestingdata/pems_mriSecond_hier_exp_onlyClas/14DP01411_ed0_3D_lm.vtk
Error for landmark 1 = 4.87981
Error for landmark 2 = 16.3095
Error for landmark 3 = 6.5
Error for landmark 4 = 9.68569
Error for landmark 5 = 5.9372
Error for landmark 6 = 3.43699
RMS = 7.79153 mm
standard deviation is 4.25618 mm
Writing Results: /vol/biomedic/users/oo2113/str_hier_forest_mri/mritestingdata/results/distances_mriSecond_hier_exp_onlyClas.txt
