slurmd[biomedia03]: task/cgroup: plugin not compiled with hwloc support, skipping affinity.

                            < M A T L A B (R) >
                  Copyright 1984-2014 The MathWorks, Inc.
                    R2014a (8.3.0.532) 64-bit (glnxa64)
                             February 11, 2014

    ----------------------------------------------------
	Your MATLAB license will expire in 13 days.
	Please contact your system administrator or
	MathWorks to renew this license.
    ----------------------------------------------------
Encountered unexpected end-of-file (line 0) while loading toolbox cache.
Error occurred loading: /homes/oo2113/.matlab/R2014a/toolbox_cache-8.3.0-3736027944-glnxa64.xml
Cache file ignored.
 
To get started, type one of these: helpwin, helpdesk, or demo.
For product information, visit www.mathworks.com.
 
Resampling ... done.
Reading target image ... done
Reading source image ... done
Warning: 10.008 percentile collapses in target, skipping
Warning: 20.006 percentile collapses in target, skipping
time lm extraction: 0.451370 sec
Estimated pose values (mean): 21.004 -1.064
Estimated pose values (cov): 93.573 10.305
Reading target ... /vol/biomedic/users/oo2113/str_hier_forest_mri/mritestingdata/landmarks/14EB02242_ed0_3D.vtk
Reading source ... /vol/biomedic/users/oo2113/str_hier_forest_mri/mritestingdata/pems_mriSecond_hier_exp_onlyClas/14EB02242_ed0_3D_lm.vtk
Error for landmark 1 = 10.2744
Error for landmark 2 = 17.6777
Error for landmark 3 = 6.25
Error for landmark 4 = 3.95285
Error for landmark 5 = 4.43001
Error for landmark 6 = 2.79508
RMS = 7.56333 mm
standard deviation is 5.11475 mm
Writing Results: /vol/biomedic/users/oo2113/str_hier_forest_mri/mritestingdata/results/distances_mriSecond_hier_exp_onlyClas.txt
