slurmd[biomedia08]: task/cgroup: plugin not compiled with hwloc support, skipping affinity.

                            < M A T L A B (R) >
                  Copyright 1984-2014 The MathWorks, Inc.
                    R2014a (8.3.0.532) 64-bit (glnxa64)
                             February 11, 2014

    ----------------------------------------------------
	Your MATLAB license will expire in 13 days.
	Please contact your system administrator or
	MathWorks to renew this license.
    ----------------------------------------------------
Encountered unexpected end-of-file (line 0) while loading toolbox cache.
Error occurred loading: /homes/oo2113/.matlab/R2014a/toolbox_cache-8.3.0-3736027944-glnxa64.xml
Cache file ignored.
 
To get started, type one of these: helpwin, helpdesk, or demo.
For product information, visit www.mathworks.com.
 
Resampling ... done.
Reading target image ... done
Reading source image ... done
Warning: 10.008 percentile collapses in target, skipping
Warning: 20.006 percentile collapses in target, skipping
time lm extraction: 1.009004 sec
Estimated pose values (mean): 12.750 0.063
Estimated pose values (cov): 103.076 9.936
Reading target ... /vol/biomedic/users/oo2113/str_hier_forest_mri/mritestingdata/landmarks/14FH01568_ed0_3D.vtk
Reading source ... /vol/biomedic/users/oo2113/str_hier_forest_mri/mritestingdata/pems_mriSecond_hier_exp_onlyClas/14FH01568_ed0_3D_lm.vtk
Error for landmark 1 = 3.75
Error for landmark 2 = 14.5366
Error for landmark 3 = 5.52834
Error for landmark 4 = 4.50694
Error for landmark 5 = 2.6692
Error for landmark 6 = 2.6692
RMS = 5.61004 mm
standard deviation is 4.1163 mm
Writing Results: /vol/biomedic/users/oo2113/str_hier_forest_mri/mritestingdata/results/distances_mriSecond_hier_exp_onlyClas.txt
