slurmd[biomedia02]: task/cgroup: plugin not compiled with hwloc support, skipping affinity.

                            < M A T L A B (R) >
                  Copyright 1984-2014 The MathWorks, Inc.
                    R2014a (8.3.0.532) 64-bit (glnxa64)
                             February 11, 2014

    ----------------------------------------------------
	Your MATLAB license will expire in 13 days.
	Please contact your system administrator or
	MathWorks to renew this license.
    ----------------------------------------------------
 
To get started, type one of these: helpwin, helpdesk, or demo.
For product information, visit www.mathworks.com.
 
Resampling ... done.
Reading target image ... done
Reading source image ... done
Warning: 10.008 percentile collapses in target, skipping
Warning: 20.006 percentile collapses in target, skipping
time lm extraction: 0.458937 sec
Estimated pose values (mean): 10.987 -0.124
Estimated pose values (cov): 112.605 10.487
Reading target ... /vol/biomedic/users/oo2113/str_hier_forest_mri/mritestingdata/landmarks/14DF02579_ed0_3D.vtk
Reading source ... /vol/biomedic/users/oo2113/str_hier_forest_mri/mritestingdata/pems_mriSecond_hier_exp_onlyClas/14DF02579_ed0_3D_lm.vtk
Error for landmark 1 = 6.6191
Error for landmark 2 = 8.94776
Error for landmark 3 = 3.20156
Error for landmark 4 = 10.5
Error for landmark 5 = 3.43711
Error for landmark 6 = 16.0642
RMS = 8.12828 mm
standard deviation is 4.43156 mm
Writing Results: /vol/biomedic/users/oo2113/str_hier_forest_mri/mritestingdata/results/distances_mriSecond_hier_exp_onlyClas.txt
