slurmd[biomedia06]: task/cgroup: plugin not compiled with hwloc support, skipping affinity.

                            < M A T L A B (R) >
                  Copyright 1984-2014 The MathWorks, Inc.
                    R2014a (8.3.0.532) 64-bit (glnxa64)
                             February 11, 2014

    ----------------------------------------------------
	Your MATLAB license will expire in 13 days.
	Please contact your system administrator or
	MathWorks to renew this license.
    ----------------------------------------------------
 
To get started, type one of these: helpwin, helpdesk, or demo.
For product information, visit www.mathworks.com.
 
Resampling ... done.
Reading target image ... done
Reading source image ... done
Warning: 10.008 percentile collapses in target, skipping
Warning: 20.006 percentile collapses in target, skipping
time lm extraction: 0.676623 sec
Estimated pose values (mean): 67.120 -3.842
Estimated pose values (cov): 29.890 10.036
Reading target ... /vol/biomedic/users/oo2113/str_hier_forest_mri/mritestingdata/landmarks/14DH02394_ed0_3D.vtk
Reading source ... /vol/biomedic/users/oo2113/str_hier_forest_mri/mritestingdata/pems_mriSecond_hier_exp_onlyClas/14DH02394_ed0_3D_lm.vtk
Error for landmark 1 = 2.5
Error for landmark 2 = 10.5505
Error for landmark 3 = 5.33854
Error for landmark 4 = 8.47423
Error for landmark 5 = 4.06192
Error for landmark 6 = 8.92355
RMS = 6.64145 mm
standard deviation is 2.86795 mm
Writing Results: /vol/biomedic/users/oo2113/str_hier_forest_mri/mritestingdata/results/distances_mriSecond_hier_exp_onlyClas.txt
