slurmd[roc16]: task/cgroup: plugin not compiled with hwloc support, skipping affinity.

                            < M A T L A B (R) >
                  Copyright 1984-2014 The MathWorks, Inc.
                    R2014a (8.3.0.532) 64-bit (glnxa64)
                             February 11, 2014

    ----------------------------------------------------
	Your MATLAB license will expire in 13 days.
	Please contact your system administrator or
	MathWorks to renew this license.
    ----------------------------------------------------
 
To get started, type one of these: helpwin, helpdesk, or demo.
For product information, visit www.mathworks.com.
 
Resampling ... done.
Reading target image ... done
Reading source image ... done
Warning: 10.008 percentile collapses in target, skipping
Warning: 20.006 percentile collapses in target, skipping
time lm extraction: 3.349720 sec
Estimated pose values (mean): 8.599 0.600
Estimated pose values (cov): 125.015 10.809
Reading target ... /vol/biomedic/users/oo2113/str_hier_forest_mri/mritestingdata/landmarks/14DM02145_ed0_3D.vtk
Reading source ... /vol/biomedic/users/oo2113/str_hier_forest_mri/mritestingdata/pems_mriSecond_hier_X/14DM02145_ed0_3D_lm.vtk
Error for landmark 1 = 7.50416
Error for landmark 2 = 19.8447
Error for landmark 3 = 10.6771
Error for landmark 4 = 8.66385
Error for landmark 5 = 11.94
Error for landmark 6 = 5.59017
RMS = 10.7033 mm
standard deviation is 4.5759 mm
Writing Results: /vol/biomedic/users/oo2113/str_hier_forest_mri/mritestingdata/results/distances_mriSecond_hier_X.txt
