slurmd[biomedia07]: task/cgroup: plugin not compiled with hwloc support, skipping affinity.

                            < M A T L A B (R) >
                  Copyright 1984-2014 The MathWorks, Inc.
                    R2014a (8.3.0.532) 64-bit (glnxa64)
                             February 11, 2014

    ----------------------------------------------------
	Your MATLAB license will expire in 13 days.
	Please contact your system administrator or
	MathWorks to renew this license.
    ----------------------------------------------------
Found unexpected tokens (line 32768) while loading toolbox cache.
Error occurred loading: /homes/oo2113/.matlab/R2014a/toolbox_cache-8.3.0-3736027944-glnxa64.xml
Cache file ignored.
 
To get started, type one of these: helpwin, helpdesk, or demo.
For product information, visit www.mathworks.com.
 
Resampling ... done.
Reading target image ... done
Reading source image ... done
Warning: 10.008 percentile collapses in target, skipping
Warning: 20.006 percentile collapses in target, skipping
time lm extraction: 0.658489 sec
Estimated pose values (mean): 8.323 0.638
Estimated pose values (cov): 124.189 10.828
Reading target ... /vol/biomedic/users/oo2113/str_hier_forest_mri/mritestingdata/landmarks/14ER02575_ed0_3D.vtk
Reading source ... /vol/biomedic/users/oo2113/str_hier_forest_mri/mritestingdata/pems_mriSecond_hier_exp_onlyClas/14ER02575_ed0_3D_lm.vtk
Error for landmark 1 = 4.06202
Error for landmark 2 = 2.3585
Error for landmark 3 = 2.3585
Error for landmark 4 = 7.76209
Error for landmark 5 = 16.3955
Error for landmark 6 = 6.56217
RMS = 6.58313 mm
standard deviation is 4.82571 mm
Writing Results: /vol/biomedic/users/oo2113/str_hier_forest_mri/mritestingdata/results/distances_mriSecond_hier_exp_onlyClas.txt
