slurmd[biomedia08]: task/cgroup: plugin not compiled with hwloc support, skipping affinity.

                            < M A T L A B (R) >
                  Copyright 1984-2014 The MathWorks, Inc.
                    R2014a (8.3.0.532) 64-bit (glnxa64)
                             February 11, 2014

    ----------------------------------------------------
	Your MATLAB license will expire in 13 days.
	Please contact your system administrator or
	MathWorks to renew this license.
    ----------------------------------------------------
 
To get started, type one of these: helpwin, helpdesk, or demo.
For product information, visit www.mathworks.com.
 
Resampling ... done.
Reading target image ... done
Reading source image ... done
Warning: 10.008 percentile collapses in target, skipping
Warning: 20.006 percentile collapses in target, skipping
time lm extraction: 0.790098 sec
Estimated pose values (mean): 10.348 0.629
Estimated pose values (cov): 130.519 11.810
Reading target ... /vol/biomedic/users/oo2113/str_hier_forest_mri/mritestingdata/landmarks/14GC01716_ed0_3D.vtk
Reading source ... /vol/biomedic/users/oo2113/str_hier_forest_mri/mritestingdata/pems_mriSecond_hier_exp_onlyClas/14GC01716_ed0_3D_lm.vtk
Error for landmark 1 = 9.06228
Error for landmark 2 = 6.64266
Error for landmark 3 = 8.00391
Error for landmark 4 = 2
Error for landmark 5 = 10.2286
Error for landmark 6 = 3.53553
RMS = 6.57884 mm
standard deviation is 2.93686 mm
Writing Results: /vol/biomedic/users/oo2113/str_hier_forest_mri/mritestingdata/results/distances_mriSecond_hier_exp_onlyClas.txt
